<?xml version="1.0" encoding="UTF-8"?>
<testsuite name="ParserTest" tests="3" skipped="0" failures="0" errors="0" timestamp="2024-04-22T13:34:01" hostname="ermias-MacBook-Air.local" time="0.033">
  <properties/>
  <testcase name="testSortByArea()" classname="ParserTest" time="0.015"/>
  <testcase name="testSortByName()" classname="ParserTest" time="0.007"/>
  <testcase name="testSortByPopulation()" classname="ParserTest" time="0.01"/>
  <system-out><![CDATA[]]></system-out>
  <system-err><![CDATA[]]></system-err>
</testsuite>
